{"level":"info","message":"⌛ Building environment","timeElapsed":207,"timestamp":"2024-11-19T21:35:07.820Z"}
{"level":"info","message":"onRequest - WORKSPACE_URI:file:///c%3A/Users/N-044/OneDrive/Desktop/UNAHUR/TPGameIntegrador-grupo-rgb","timestamp":"2024-11-19T21:35:07.836Z"}
{"level":"info","message":"⌛ Building environment","timeElapsed":205,"timestamp":"2024-11-19T21:35:08.044Z"}
{"level":"info","message":"⌛ Building environment","timeElapsed":147,"timestamp":"2024-11-19T21:35:08.284Z"}
{"level":"info","message":"⌛ Validating mainJuego.wpgm","timeElapsed":195,"timestamp":"2024-11-19T21:35:08.682Z"}
{"level":"info","message":"⌛ Building environment","timeElapsed":212,"timestamp":"2024-11-19T21:35:08.895Z"}
{"level":"info","message":"⌛ Validating testJuego.wtest","timeElapsed":148,"timestamp":"2024-11-19T21:35:09.085Z"}
{"level":"info","message":"⌛ Validating nave.wlk","timeElapsed":147,"timestamp":"2024-11-19T21:35:09.232Z"}
{"level":"info","message":"⌛ Validating musica.wlk","timeElapsed":155,"timestamp":"2024-11-19T21:35:09.388Z"}
{"level":"info","message":"⌛ Validating alien.wlk","timeElapsed":151,"timestamp":"2024-11-19T21:35:09.540Z"}
{"level":"info","message":"⌛ Validating mainJuego.wpgm","timeElapsed":180,"timestamp":"2024-11-19T21:35:09.800Z"}
{"level":"info","message":"⌛ Validating testJuego.wtest","timeElapsed":106,"timestamp":"2024-11-19T21:35:09.906Z"}
{"level":"info","message":"⌛ Validating nave.wlk","timeElapsed":105,"timestamp":"2024-11-19T21:35:10.011Z"}
{"level":"info","message":"⌛ Validating musica.wlk","timeElapsed":113,"timestamp":"2024-11-19T21:35:10.124Z"}
{"level":"info","message":"⌛ Validating alien.wlk","timeElapsed":113,"timestamp":"2024-11-19T21:35:10.238Z"}
{"level":"info","message":"⌛ Building environment","timeElapsed":167,"timestamp":"2024-11-19T21:40:33.505Z"}
{"level":"info","message":"⌛ Validating musica.wlk","timeElapsed":230,"timestamp":"2024-11-19T21:40:33.745Z"}
{"level":"info","message":"⌛ Building environment","timeElapsed":214,"timestamp":"2024-11-19T21:40:40.738Z"}
{"level":"info","message":"⌛ Validating mainJuego.wpgm","timeElapsed":307,"timestamp":"2024-11-19T21:40:41.077Z"}
{"exitCode":"SIGINT","level":"info","message":"👾 Game executed mainJuego.SpaceInvaders on c:\\Users\\N-044\\OneDrive\\Desktop\\UNAHUR\\TPGameIntegrador-grupo-rgb","timeElapsed":88981,"timestamp":"2024-11-19T21:42:16.913Z"}
{"level":"info","message":"⌛ Building environment","timeElapsed":230,"timestamp":"2024-11-19T21:43:05.009Z"}
{"level":"info","message":"⌛ Validating mainJuego.wpgm","timeElapsed":170,"timestamp":"2024-11-19T21:43:05.180Z"}
{"level":"info","message":"⌛ Building environment","timeElapsed":358,"timestamp":"2024-11-19T21:44:27.708Z"}
{"level":"info","message":"⌛ Validating mainJuego.wpgm","timeElapsed":249,"timestamp":"2024-11-19T21:44:27.974Z"}
{"level":"info","message":"⌛ Building environment","timeElapsed":201,"timestamp":"2024-11-19T21:56:47.459Z"}
{"level":"info","message":"⌛ Validating musica.wlk","timeElapsed":216,"timestamp":"2024-11-19T21:56:47.684Z"}
{"level":"info","message":"⌛ Building environment","timeElapsed":324,"timestamp":"2024-11-19T21:56:48.199Z"}
{"level":"info","message":"⌛ Validating mainJuego.wpgm","timeElapsed":250,"timestamp":"2024-11-19T21:56:48.459Z"}
{"exitCode":"SIGINT","level":"info","message":"👾 Game executed mainJuego.SpaceInvaders on c:\\Users\\N-044\\OneDrive\\Desktop\\UNAHUR\\TPGameIntegrador-grupo-rgb","timeElapsed":1072534,"timestamp":"2024-11-19T22:04:03.260Z"}
{"level":"info","message":"⌛ Building environment","timeElapsed":280,"timestamp":"2024-11-19T22:04:35.115Z"}
{"level":"info","message":"⌛ Validating mainJuego.wpgm","timeElapsed":217,"timestamp":"2024-11-19T22:04:35.345Z"}
{"level":"info","message":"⌛ Building environment","timeElapsed":205,"timestamp":"2024-11-19T22:05:12.471Z"}
{"level":"info","message":"⌛ Validating mainJuego.wpgm","timeElapsed":305,"timestamp":"2024-11-19T22:05:12.824Z"}
{"level":"info","message":"⌛ Building environment","timeElapsed":372,"timestamp":"2024-11-19T22:05:47.888Z"}
{"level":"info","message":"onRequest - WORKSPACE_URI:file:///c%3A/Users/N-044/OneDrive/Desktop/UNAHUR/TPGameIntegrador-grupo-rgb","timestamp":"2024-11-19T22:05:47.906Z"}
{"level":"info","message":"⌛ Building environment","timeElapsed":374,"timestamp":"2024-11-19T22:05:48.285Z"}
{"level":"info","message":"⌛ Validating mainJuego.wpgm","timeElapsed":700,"timestamp":"2024-11-19T22:05:49.041Z"}
{"level":"info","message":"⌛ Building environment","timeElapsed":218,"timestamp":"2024-11-19T22:05:49.262Z"}
{"level":"info","message":"⌛ Building environment","timeElapsed":332,"timestamp":"2024-11-19T22:05:49.596Z"}
{"level":"info","message":"⌛ Building environment","timeElapsed":211,"timestamp":"2024-11-19T22:05:49.823Z"}
{"level":"info","message":"⌛ Building environment","timeElapsed":137,"timestamp":"2024-11-19T22:05:49.962Z"}
{"level":"info","message":"⌛ Building environment","timeElapsed":107,"timestamp":"2024-11-19T22:05:50.070Z"}
{"level":"info","message":"⌛ Building environment","timeElapsed":151,"timestamp":"2024-11-19T22:05:50.223Z"}
{"level":"info","message":"⌛ Validating alien.wlk","timeElapsed":344,"timestamp":"2024-11-19T22:05:50.572Z"}
{"level":"info","message":"⌛ Validating mainJuego.wpgm","timeElapsed":262,"timestamp":"2024-11-19T22:05:50.878Z"}
{"level":"info","message":"⌛ Validating alien.wlk","timeElapsed":257,"timestamp":"2024-11-19T22:05:51.135Z"}
{"level":"info","message":"⌛ Validating nave.wlk","timeElapsed":320,"timestamp":"2024-11-19T22:05:51.456Z"}
{"level":"info","message":"⌛ Validating testJuego.wtest","timeElapsed":222,"timestamp":"2024-11-19T22:05:51.678Z"}
{"level":"info","message":"⌛ Validating musica.wlk","timeElapsed":199,"timestamp":"2024-11-19T22:05:51.877Z"}
{"level":"info","message":"⌛ Validating imagen.wlk","timeElapsed":154,"timestamp":"2024-11-19T22:05:52.032Z"}
{"level":"info","message":"⌛ Building environment","timeElapsed":312,"timestamp":"2024-11-19T22:05:56.647Z"}
{"level":"info","message":"⌛ Validating mainJuego.wpgm","timeElapsed":332,"timestamp":"2024-11-19T22:05:57.009Z"}
{"level":"info","message":"⌛ Validating alien.wlk","timeElapsed":139,"timestamp":"2024-11-19T22:05:57.148Z"}
{"level":"info","message":"⌛ Validating nave.wlk","timeElapsed":145,"timestamp":"2024-11-19T22:05:57.293Z"}
{"level":"info","message":"⌛ Validating testJuego.wtest","timeElapsed":152,"timestamp":"2024-11-19T22:05:57.445Z"}
{"level":"info","message":"⌛ Validating musica.wlk","timeElapsed":134,"timestamp":"2024-11-19T22:05:57.580Z"}
{"level":"info","message":"⌛ Validating imagen.wlk","timeElapsed":160,"timestamp":"2024-11-19T22:05:57.741Z"}
{"exitCode":"SIGINT","level":"info","message":"👾 Game executed mainJuego.SpaceInvaders on c:\\Users\\Ignacio\\Desktop\\objetos1\\tpfinal\\TPGameIntegrador-grupo-rgb","timeElapsed":27325,"timestamp":"2024-11-22T22:26:12.779Z"}
{"exitCode":"SIGINT","level":"info","message":"👾 Game executed mainJuego.SpaceInvaders on c:\\Users\\Ignacio\\Desktop\\objetos1\\tpfinal\\TPGameIntegrador-grupo-rgb","timeElapsed":25073,"timestamp":"2024-11-22T22:28:36.211Z"}
{"exitCode":"SIGINT","level":"info","message":"👾 Game executed mainJuego.SpaceInvaders on c:\\Users\\Ignacio\\Desktop\\objetos1\\tpfinal\\TPGameIntegrador-grupo-rgb","timeElapsed":19550,"timestamp":"2024-11-22T22:31:31.466Z"}
{"exitCode":"SIGINT","level":"info","message":"👾 Game executed mainJuego.SpaceInvaders on c:\\Users\\Ignacio\\Desktop\\objetos1\\tpfinal\\TPGameIntegrador-grupo-rgb","timeElapsed":60321,"timestamp":"2024-11-22T22:44:56.639Z"}
{"exitCode":"SIGINT","level":"info","message":"👾 Game executed mainJuego.SpaceInvaders on c:\\Users\\Ignacio\\Desktop\\objetos1\\tpfinal\\TPGameIntegrador-grupo-rgb","timeElapsed":15003,"timestamp":"2024-11-22T22:48:21.352Z"}
{"exitCode":"SIGINT","level":"info","message":"👾 Game executed mainJuego.SpaceInvaders on c:\\Users\\Ignacio\\Desktop\\objetos1\\tpfinal\\TPGameIntegrador-grupo-rgb","timeElapsed":31456,"timestamp":"2024-11-22T22:53:10.101Z"}
{"exitCode":"SIGINT","level":"info","message":"👾 Game executed mainJuego.SpaceInvaders on c:\\Users\\Ignacio\\Desktop\\objetos1\\tpfinal\\TPGameIntegrador-grupo-rgb","timeElapsed":106487,"timestamp":"2024-11-22T22:59:37.534Z"}
{"exitCode":"SIGINT","level":"info","message":"👾 Game executed mainJuego.SpaceInvaders on c:\\Users\\Ignacio\\Desktop\\objetos1\\tpfinal\\TPGameIntegrador-grupo-rgb","timeElapsed":11747,"timestamp":"2024-11-22T23:03:03.727Z"}
{"exitCode":"SIGINT","level":"info","message":"👾 Game executed mainJuego.SpaceInvaders on c:\\Users\\Ignacio\\Desktop\\objetos1\\tpfinal\\TPGameIntegrador-grupo-rgb","timeElapsed":50911,"timestamp":"2024-11-22T23:04:21.614Z"}
{"exitCode":"SIGINT","level":"info","message":"👾 Game executed mainJuego.SpaceInvaders on c:\\Users\\Ignacio\\Desktop\\objetos1\\tpfinal\\TPGameIntegrador-grupo-rgb","timeElapsed":131835,"timestamp":"2024-11-22T23:08:22.198Z"}
{"level":"info","message":"⌛ Building environment","timeElapsed":123,"timestamp":"2024-11-25T19:15:54.439Z"}
{"level":"info","message":"onRequest - WORKSPACE_URI:file:///c%3A/Users/ignacio/Desktop/objetos1/tpfinal/TPGameIntegrador-grupo-rgb","timestamp":"2024-11-25T19:15:54.448Z"}
{"level":"info","message":"⌛ Building environment","timeElapsed":111,"timestamp":"2024-11-25T19:15:54.632Z"}
{"level":"info","message":"⌛ Validating alien.wlk","timeElapsed":109,"timestamp":"2024-11-25T19:15:55.019Z"}
{"level":"info","message":"⌛ Building environment","timeElapsed":129,"timestamp":"2024-11-25T19:15:55.149Z"}
{"errors":{"errors":[null,["/*// Filtramos los aliens en la misma columna que la nave\r","const aliensEnColumna = aliens.filter({ alien => alien.position().x() == self.position().x() })\r","// Si no hay aliens en la columna, no hace nada\r","if (!aliensEnColumna.isEmpty()) {\r","const alienMasCercano = aliensEnColumna.min({ alien => alien.position().y() })\r","if (alienMasCercano != null) {\r","// La nave ataca al alien más cercano\r","alienMasCercano.recibirDanio(poder)\r","// Crear efecto visual y de sonido del disparo (explosión) en la posición del alien\r","const explosion = new Explosion(position = game.at(self.position().x(), alienMasCercano.position().y()))\r","game.addVisual(explosion)\r","game.sound(\"sonido-disparo.mp3\").play()\r","// Verificamos si el alien ha sido destruido y agregamos efecto de sonido de la explosión\r","if (!alienMasCercano.estaVivo()) {\r","game.sound(\"sonido-explosion.mp3\").play()\r","game.removeVisual(alienMasCercano)  // Removemos el alien del juego\r","aliens.remove(alienMasCercano)      // Eliminamos el alien de la lista de aliens\r","}\r","// Remover la explosión después de 1 segundo\r","game.schedule(1000, { game.removeVisual(explosion) })\r","} \r"]]},"level":"error","message":"✘ Failed to get type description: Error: {\n  \"errors\": [\n    null,\n    [\n      \"/*// Filtramos los aliens en la misma columna que la nave\\r\",\n      \"const aliensEnColumna = aliens.filter({ alien => alien.position().x() == self.position().x() })\\r\",\n      \"// Si no hay aliens en la columna, no hace nada\\r\",\n      \"if (!aliensEnColumna.isEmpty()) {\\r\",\n      \"const alienMasCercano = aliensEnColumna.min({ alien => alien.position().y() })\\r\",\n      \"if (alienMasCercano != null) {\\r\",\n      \"// La nave ataca al alien más cercano\\r\",\n      \"alienMasCercano.recibirDanio(poder)\\r\",\n      \"// Crear efecto visual y de sonido del disparo (explosión) en la posición del alien\\r\",\n      \"const explosion = new Explosion(position = game.at(self.position().x(), alienMasCercano.position().y()))\\r\",\n      \"game.addVisual(explosion)\\r\",\n      \"game.sound(\\\"sonido-disparo.mp3\\\").play()\\r\",\n      \"// Verificamos si el alien ha sido destruido y agregamos efecto de sonido de la explosión\\r\",\n      \"if (!alienMasCercano.estaVivo()) {\\r\",\n      \"game.sound(\\\"sonido-explosion.mp3\\\").play()\\r\",\n      \"game.removeVisual(alienMasCercano)  // Removemos el alien del juego\\r\",\n      \"aliens.remove(alienMasCercano)      // Eliminamos el alien de la lista de aliens\\r\",\n      \"}\\r\",\n      \"// Remover la explosión después de 1 segundo\\r\",\n      \"game.schedule(1000, { game.removeVisual(explosion) })\\r\",\n      \"} \\r\"\n    ]\n  ]\n} {\n  \"errors\": [\n    null,\n    [\n      \"/*// Filtramos los aliens en la misma columna que la nave\\r\",\n      \"const aliensEnColumna = aliens.filter({ alien => alien.position().x() == self.position().x() })\\r\",\n      \"// Si no hay aliens en la columna, no hace nada\\r\",\n      \"if (!aliensEnColumna.isEmpty()) {\\r\",\n      \"const alienMasCercano = aliensEnColumna.min({ alien => alien.position().y() })\\r\",\n      \"if (alienMasCercano != null) {\\r\",\n      \"// La nave ataca al alien más cercano\\r\",\n      \"alienMasCercano.recibirDanio(poder)\\r\",\n      \"// Crear efecto visual y de sonido del disparo (explosión) en la posición del alien\\r\",\n      \"const explosion = new Explosion(position = game.at(self.position().x(), alienMasCercano.position().y()))\\r\",\n      \"game.addVisual(explosion)\\r\",\n      \"game.sound(\\\"sonido-disparo.mp3\\\").play()\\r\",\n      \"// Verificamos si el alien ha sido destruido y agregamos efecto de sonido de la explosión\\r\",\n      \"if (!alienMasCercano.estaVivo()) {\\r\",\n      \"game.sound(\\\"sonido-explosion.mp3\\\").play()\\r\",\n      \"game.removeVisual(alienMasCercano)  // Removemos el alien del juego\\r\",\n      \"aliens.remove(alienMasCercano)      // Eliminamos el alien de la lista de aliens\\r\",\n      \"}\\r\",\n      \"// Remover la explosión después de 1 segundo\\r\",\n      \"game.schedule(1000, { game.removeVisual(explosion) })\\r\",\n      \"} \\r\"\n    ]\n  ]\n}","stack":"Error: {\n  \"errors\": [\n    null,\n    [\n      \"/*// Filtramos los aliens en la misma columna que la nave\\r\",\n      \"const aliensEnColumna = aliens.filter({ alien => alien.position().x() == self.position().x() })\\r\",\n      \"// Si no hay aliens en la columna, no hace nada\\r\",\n      \"if (!aliensEnColumna.isEmpty()) {\\r\",\n      \"const alienMasCercano = aliensEnColumna.min({ alien => alien.position().y() })\\r\",\n      \"if (alienMasCercano != null) {\\r\",\n      \"// La nave ataca al alien más cercano\\r\",\n      \"alienMasCercano.recibirDanio(poder)\\r\",\n      \"// Crear efecto visual y de sonido del disparo (explosión) en la posición del alien\\r\",\n      \"const explosion = new Explosion(position = game.at(self.position().x(), alienMasCercano.position().y()))\\r\",\n      \"game.addVisual(explosion)\\r\",\n      \"game.sound(\\\"sonido-disparo.mp3\\\").play()\\r\",\n      \"// Verificamos si el alien ha sido destruido y agregamos efecto de sonido de la explosión\\r\",\n      \"if (!alienMasCercano.estaVivo()) {\\r\",\n      \"game.sound(\\\"sonido-explosion.mp3\\\").play()\\r\",\n      \"game.removeVisual(alienMasCercano)  // Removemos el alien del juego\\r\",\n      \"aliens.remove(alienMasCercano)      // Eliminamos el alien de la lista de aliens\\r\",\n      \"}\\r\",\n      \"// Remover la explosión después de 1 segundo\\r\",\n      \"game.schedule(1000, { game.removeVisual(explosion) })\\r\",\n      \"} \\r\"\n    ]\n  ]\n}\n    at Xp (c:\\Users\\ignacio\\.vscode\\extensions\\uqbar.wollok-lsp-ide-0.3.6\\out\\server\\src\\server.js:64:34609)\n    at C1 (c:\\Users\\ignacio\\.vscode\\extensions\\uqbar.wollok-lsp-ide-0.3.6\\out\\server\\src\\server.js:64:34682)\n    at c:\\Users\\ignacio\\.vscode\\extensions\\uqbar.wollok-lsp-ide-0.3.6\\out\\server\\src\\server.js:64:37949\n    at o.i1 (c:\\Users\\ignacio\\.vscode\\extensions\\uqbar.wollok-lsp-ide-0.3.6\\out\\server\\src\\server.js:57:54437)\n    at c:\\Users\\ignacio\\.vscode\\extensions\\uqbar.wollok-lsp-ide-0.3.6\\out\\server\\src\\server.js:64:37918\n    at c:\\Users\\ignacio\\.vscode\\extensions\\uqbar.wollok-lsp-ide-0.3.6\\out\\server\\src\\server.js:57:52477\n    at Jln (c:\\Users\\ignacio\\.vscode\\extensions\\uqbar.wollok-lsp-ide-0.3.6\\out\\server\\src\\server.js:68:11326)\n    at c:\\Users\\ignacio\\.vscode\\extensions\\uqbar.wollok-lsp-ide-0.3.6\\out\\server\\src\\server.js:68:3577\n    at c:\\Users\\ignacio\\.vscode\\extensions\\uqbar.wollok-lsp-ide-0.3.6\\out\\server\\src\\server.js:68:10287\n    at c:\\Users\\ignacio\\.vscode\\extensions\\uqbar.wollok-lsp-ide-0.3.6\\out\\server\\src\\server.js:68:10083","timestamp":"2024-11-25T19:16:26.254Z"}
{"level":"info","message":"⌛ Validating nave.wlk","timeElapsed":113,"timestamp":"2024-11-25T19:18:39.582Z"}
{"level":"info","message":"⌛ Validating nave.wlk","timeElapsed":101,"timestamp":"2024-11-25T19:18:40.974Z"}
{"level":"info","message":"⌛ Validating nave.wlk","timeElapsed":103,"timestamp":"2024-11-25T19:18:41.869Z"}
{"level":"info","message":"⌛ Validating nave.wlk","timeElapsed":121,"timestamp":"2024-11-25T19:18:42.576Z"}
{"level":"info","message":"⌛ Validating nave.wlk","timeElapsed":105,"timestamp":"2024-11-25T19:18:45.844Z"}
{"level":"info","message":"⌛ Validating imagen.wlk","timeElapsed":108,"timestamp":"2024-11-25T19:19:22.410Z"}
{"level":"info","message":"⌛ Validating musica.wlk","timeElapsed":101,"timestamp":"2024-11-25T19:19:25.311Z"}
{"level":"info","message":"⌛ Validating alien.wlk","timeElapsed":103,"timestamp":"2024-11-25T19:19:31.370Z"}
{"level":"info","message":"⌛ Building environment","timeElapsed":107,"timestamp":"2024-11-25T19:19:35.097Z"}
{"exitCode":"SIGINT","level":"info","message":"👾 Game executed mainJuego.SpaceInvaders on c:\\Users\\ignacio\\Desktop\\objetos1\\tpfinal\\TPGameIntegrador-grupo-rgb","timeElapsed":79083,"timestamp":"2024-11-25T19:21:01.763Z"}
